<?xml version="1.0" encoding="UTF-8"?>
<!-- Generated by org.testng.reporters.JUnitReportReporter -->
<testsuite hostname="LAPTOP-J7JKI705" failures="0" tests="3" name="com.cucumber.runner.Runnerfile" time="8.270" errors="0" timestamp="2022-02-20T04:04:13 EST" skipped="0">
  <testcase classname="com.cucumber.runner.Runnerfile" name="runScenario" time="5.000"/>
  <system-out/>
  <testcase classname="com.cucumber.runner.Runnerfile" name="test" time="0.000"/>
  <system-out/>
  <testcase classname="com.cucumber.runner.Runnerfile" name="runScenario" time="3.270"/>
  <system-out/>
</testsuite> <!-- com.cucumber.runner.Runnerfile -->
